  homework2.cpp
f:\new\solution\181119컴그\181108컴그\181101컴그\181101컴그\181024컴그\1801018컴그\180923\nw\뉴\뉴우\이거\새 폴더 (2)\glut\glut\comgfun3.h(2): warning C4005: 'MAX_LIST_SIZE': 매크로 재정의
  f:\new\solution\181119컴그\181108컴그\181101컴그\181101컴그\181024컴그\1801018컴그\180923\nw\뉴\뉴우\이거\새 폴더 (2)\glut\glut\comgfun.h(2): note: 'MAX_LIST_SIZE'의 이전 정의를 참조하십시오.
f:\new\solution\181119컴그\181108컴그\181101컴그\181101컴그\181024컴그\1801018컴그\180923\nw\뉴\뉴우\이거\새 폴더 (2)\glut\glut\comgfun2.h(260): warning C4244: '인수': 'int'에서 'float'(으)로 변환하면서 데이터가 손실될 수 있습니다.
f:\new\solution\181119컴그\181108컴그\181101컴그\181101컴그\181024컴그\1801018컴그\180923\nw\뉴\뉴우\이거\새 폴더 (2)\glut\glut\comgfun2.h(260): warning C4244: 'return': 'double'에서 'float'(으)로 변환하면서 데이터가 손실될 수 있습니다.
f:\new\solution\181119컴그\181108컴그\181101컴그\181101컴그\181024컴그\1801018컴그\180923\nw\뉴\뉴우\이거\새 폴더 (2)\glut\glut\comgfun2.h(270): warning C4244: '인수': 'int'에서 'float'(으)로 변환하면서 데이터가 손실될 수 있습니다.
f:\new\solution\181119컴그\181108컴그\181101컴그\181101컴그\181024컴그\1801018컴그\180923\nw\뉴\뉴우\이거\새 폴더 (2)\glut\glut\comgfun2.h(270): warning C4244: 'return': 'double'에서 'float'(으)로 변환하면서 데이터가 손실될 수 있습니다.
f:\new\solution\181119컴그\181108컴그\181101컴그\181101컴그\181024컴그\1801018컴그\180923\nw\뉴\뉴우\이거\새 폴더 (2)\glut\glut\comgfun2.h(355): warning C4244: '인수': 'int'에서 'float'(으)로 변환하면서 데이터가 손실될 수 있습니다.
f:\new\solution\181119컴그\181108컴그\181101컴그\181101컴그\181024컴그\1801018컴그\180923\nw\뉴\뉴우\이거\새 폴더 (2)\glut\glut\comgfun2.h(355): warning C4244: 'return': 'double'에서 'float'(으)로 변환하면서 데이터가 손실될 수 있습니다.
f:\new\solution\181119컴그\181108컴그\181101컴그\181101컴그\181024컴그\1801018컴그\180923\nw\뉴\뉴우\이거\새 폴더 (2)\glut\glut\comgfun2.h(365): warning C4244: '인수': 'int'에서 'float'(으)로 변환하면서 데이터가 손실될 수 있습니다.
f:\new\solution\181119컴그\181108컴그\181101컴그\181101컴그\181024컴그\1801018컴그\180923\nw\뉴\뉴우\이거\새 폴더 (2)\glut\glut\comgfun2.h(365): warning C4244: 'return': 'double'에서 'float'(으)로 변환하면서 데이터가 손실될 수 있습니다.
f:\new\solution\181119컴그\181108컴그\181101컴그\181101컴그\181024컴그\1801018컴그\180923\nw\뉴\뉴우\이거\새 폴더 (2)\glut\glut\projectlibrary.h(758): warning C4244: 'return': 'GLdouble'에서 'int'(으)로 변환하면서 데이터가 손실될 수 있습니다.
f:\new\solution\181119컴그\181108컴그\181101컴그\181101컴그\181024컴그\1801018컴그\180923\nw\뉴\뉴우\이거\새 폴더 (2)\glut\glut\projectlibrary.h(792): warning C4244: 'return': 'GLdouble'에서 'int'(으)로 변환하면서 데이터가 손실될 수 있습니다.
f:\new\solution\181119컴그\181108컴그\181101컴그\181101컴그\181024컴그\1801018컴그\180923\nw\뉴\뉴우\이거\새 폴더 (2)\glut\glut\projectlibrary.h(799): warning C4244: '인수': 'GLdouble'에서 'float'(으)로 변환하면서 데이터가 손실될 수 있습니다.
f:\new\solution\181119컴그\181108컴그\181101컴그\181101컴그\181024컴그\1801018컴그\180923\nw\뉴\뉴우\이거\새 폴더 (2)\glut\glut\projectlibrary.h(810): warning C4244: '인수': 'GLdouble'에서 'float'(으)로 변환하면서 데이터가 손실될 수 있습니다.
f:\new\solution\181119컴그\181108컴그\181101컴그\181101컴그\181024컴그\1801018컴그\180923\nw\뉴\뉴우\이거\새 폴더 (2)\glut\glut\homework2.cpp(16): warning C4305: '초기화 중': 'double'에서 'GLfloat'(으)로 잘립니다.
f:\new\solution\181119컴그\181108컴그\181101컴그\181101컴그\181024컴그\1801018컴그\180923\nw\뉴\뉴우\이거\새 폴더 (2)\glut\glut\homework2.cpp(19): warning C4305: '초기화 중': 'double'에서 'GLfloat'(으)로 잘립니다.
f:\new\solution\181119컴그\181108컴그\181101컴그\181101컴그\181024컴그\1801018컴그\180923\nw\뉴\뉴우\이거\새 폴더 (2)\glut\glut\homework2.cpp(161): warning C4244: '-=': 'double'에서 'GLfloat'(으)로 변환하면서 데이터가 손실될 수 있습니다.
f:\new\solution\181119컴그\181108컴그\181101컴그\181101컴그\181024컴그\1801018컴그\180923\nw\뉴\뉴우\이거\새 폴더 (2)\glut\glut\homework2.cpp(166): warning C4244: '-=': 'double'에서 'GLfloat'(으)로 변환하면서 데이터가 손실될 수 있습니다.
f:\new\solution\181119컴그\181108컴그\181101컴그\181101컴그\181024컴그\1801018컴그\180923\nw\뉴\뉴우\이거\새 폴더 (2)\glut\glut\homework2.cpp(171): warning C4244: '-=': 'double'에서 'GLfloat'(으)로 변환하면서 데이터가 손실될 수 있습니다.
f:\new\solution\181119컴그\181108컴그\181101컴그\181101컴그\181024컴그\1801018컴그\180923\nw\뉴\뉴우\이거\새 폴더 (2)\glut\glut\homework2.cpp(246): warning C4244: '인수': 'double'에서 'float'(으)로 변환하면서 데이터가 손실될 수 있습니다.
f:\new\solution\181119컴그\181108컴그\181101컴그\181101컴그\181024컴그\1801018컴그\180923\nw\뉴\뉴우\이거\새 폴더 (2)\glut\glut\homework2.cpp(509): warning C4477: 'printf' : 서식 문자열 '%d'에 'int' 형식의 인수가 필요하지만 variadic 인수 1의 형식이 'double'입니다.
f:\new\solution\181119컴그\181108컴그\181101컴그\181101컴그\181024컴그\1801018컴그\180923\nw\뉴\뉴우\이거\새 폴더 (2)\glut\glut\homework2.cpp(612): warning C4244: '-=': 'double'에서 'GLfloat'(으)로 변환하면서 데이터가 손실될 수 있습니다.
f:\new\solution\181119컴그\181108컴그\181101컴그\181101컴그\181024컴그\1801018컴그\180923\nw\뉴\뉴우\이거\새 폴더 (2)\glut\glut\homework2.cpp(617): warning C4244: '-=': 'double'에서 'GLfloat'(으)로 변환하면서 데이터가 손실될 수 있습니다.
f:\new\solution\181119컴그\181108컴그\181101컴그\181101컴그\181024컴그\1801018컴그\180923\nw\뉴\뉴우\이거\새 폴더 (2)\glut\glut\homework2.cpp(622): warning C4244: '-=': 'double'에서 'GLfloat'(으)로 변환하면서 데이터가 손실될 수 있습니다.
  glut.vcxproj -> F:\new\Solution\181119컴그\181108컴그\181101컴그\181101컴그\181024컴그\1801018컴그\180923\nw\뉴\뉴우\이거\새 폴더 (2)\glut\Debug\glut.exe
